<?xml version="1.0" encoding="UTF-8"?>
<!-- Generated by org.testng.reporters.JUnitReportReporter -->
<testsuite hostname="LTIN509203" failures="0" tests="2" name="testrunner.TestNgRunner2" time="25.641" errors="0" timestamp="2024-04-12T12:02:07 IST" skipped="0">
  <testcase classname="testrunner.TestNgRunner2" name="runScenario" time="15.705"/>
  <testcase classname="testrunner.TestNgRunner2" name="runScenario" time="9.936"/>
</testsuite> <!-- testrunner.TestNgRunner2 -->
