<?xml version="1.0" encoding="UTF-8"?>
<!-- Generated by org.testng.reporters.JUnitReportReporter -->
<testsuite hostname="LTIN508832" failures="0" tests="5" name="testrunner.TestNGRunner" time="67.851" errors="0" timestamp="2024-04-15T12:00:05 IST" skipped="0">
  <testcase classname="testrunner.TestNGRunner" name="runScenario" time="3.274"/>
  <testcase classname="testrunner.TestNGRunner" name="runScenario" time="9.223"/>
  <testcase classname="testrunner.TestNGRunner" name="runScenario" time="16.169"/>
  <testcase classname="testrunner.TestNGRunner" name="runScenario" time="12.646"/>
  <testcase classname="testrunner.TestNGRunner" name="runScenario" time="26.539"/>
</testsuite> <!-- testrunner.TestNGRunner -->
