<?xml version="1.0" encoding="UTF-8"?>
<!-- Generated by org.testng.reporters.JUnitReportReporter -->
<testsuite hostname="LTIN509203" failures="0" tests="1" name="testrunner.HomePageRunner" time="0.120" errors="0" timestamp="2024-04-08T14:24:22 IST" skipped="0">
  <testcase classname="testrunner.HomePageRunner" name="runScenario" time="0.120"/>
</testsuite> <!-- testrunner.HomePageRunner -->
