<?xml version="1.0" encoding="UTF-8"?>
<!-- Generated by org.testng.reporters.JUnitReportReporter -->
<testsuite hostname="LTIN509203" failures="0" tests="1" name="com.hackathon.tests.Main" time="0.005" errors="0" timestamp="2024-04-08T09:44:12 IST" skipped="0">
  <testcase classname="com.hackathon.tests.Main" name="Test" time="0.005"/>
</testsuite> <!-- com.hackathon.tests.Main -->
