<?xml version="1.0" encoding="UTF-8"?>
<!-- Generated by org.testng.reporters.JUnitReportReporter -->
<testsuite hostname="LTIN509474" failures="0" tests="9" name="testRunner.TestRunner" time="530.306" errors="0" timestamp="2024-04-18T10:43:56 IST" skipped="0">
  <testcase classname="testRunner.TestRunner" name="runScenario" time="70.530"/>
  <testcase classname="testRunner.TestRunner" name="runScenario" time="38.451"/>
  <testcase classname="testRunner.TestRunner" name="runScenario" time="12.420"/>
  <testcase classname="testRunner.TestRunner" name="runScenario" time="57.251"/>
  <testcase classname="testRunner.TestRunner" name="runScenario" time="67.311"/>
  <testcase classname="testRunner.TestRunner" name="runScenario" time="106.358"/>
  <testcase classname="testRunner.TestRunner" name="runScenario" time="11.880"/>
  <testcase classname="testRunner.TestRunner" name="runScenario" time="83.097"/>
  <testcase classname="testRunner.TestRunner" name="runScenario" time="83.008"/>
</testsuite> <!-- testRunner.TestRunner -->
