<?xml version="1.0" encoding="UTF-8"?>
<!-- Generated by org.testng.reporters.JUnitReportReporter -->
<testsuite hostname="LTIN509474" failures="0" tests="8" name="testRunner.TestRunner" time="612.968" errors="0" timestamp="2024-04-15T17:27:21 IST" skipped="0">
  <testcase classname="testRunner.TestRunner" name="runScenario" time="82.736"/>
  <testcase classname="testRunner.TestRunner" name="runScenario" time="97.937"/>
  <testcase classname="testRunner.TestRunner" name="runScenario" time="91.780"/>
  <testcase classname="testRunner.TestRunner" name="runScenario" time="27.759"/>
  <testcase classname="testRunner.TestRunner" name="runScenario" time="67.609"/>
  <testcase classname="testRunner.TestRunner" name="runScenario" time="35.663"/>
  <testcase classname="testRunner.TestRunner" name="runScenario" time="196.733"/>
  <testcase classname="testRunner.TestRunner" name="runScenario" time="12.751"/>
</testsuite> <!-- testRunner.TestRunner -->
